<?xml version="1.0" encoding="UTF-8"?>
<coverage generated="1643930234">
  <project timestamp="1643930234">
    <file name="/home/runner/work/PwPush-PHP/PwPush-PHP/src/JSONValidator.php">
      <class name="PwPush\JSONValidator" namespace="global">
        <metrics complexity="3" methods="2" coveredmethods="1" conditionals="0" coveredconditionals="0" statements="12" coveredstatements="11" elements="14" coveredelements="12"/>
      </class>
      <line num="84" type="method" name="__construct" visibility="private" complexity="1" crap="1" count="1"/>
      <line num="86" type="stmt" count="1"/>
      <line num="87" type="stmt" count="1"/>
      <line num="92" type="method" name="validate" visibility="public" complexity="2" crap="2.00" count="1"/>
      <line num="94" type="stmt" count="1"/>
      <line num="95" type="stmt" count="1"/>
      <line num="96" type="stmt" count="1"/>
      <line num="97" type="stmt" count="1"/>
      <line num="98" type="stmt" count="1"/>
      <line num="99" type="stmt" count="1"/>
      <line num="100" type="stmt" count="1"/>
      <line num="102" type="stmt" count="1"/>
      <line num="103" type="stmt" count="0"/>
      <line num="105" type="stmt" count="1"/>
      <metrics loc="107" ncloc="101" classes="1" methods="2" coveredmethods="1" conditionals="0" coveredconditionals="0" statements="12" coveredstatements="11" elements="14" coveredelements="12"/>
    </file>
    <file name="/home/runner/work/PwPush-PHP/PwPush-PHP/src/PwOps.php">
      <class name="PwPush\PwOps" namespace="global">
        <metrics complexity="5" methods="3" coveredmethods="1" conditionals="0" coveredconditionals="0" statements="25" coveredstatements="21" elements="28" coveredelements="22"/>
      </class>
      <line num="15" type="method" name="__construct" visibility="private" complexity="1" crap="1" count="2"/>
      <line num="16" type="stmt" count="2"/>
      <line num="17" type="stmt" count="2"/>
      <line num="18" type="stmt" count="2"/>
      <line num="24" type="method" name="delete" visibility="public" complexity="2" crap="2.02" count="1"/>
      <line num="26" type="stmt" count="1"/>
      <line num="27" type="stmt" count="1"/>
      <line num="28" type="stmt" count="1"/>
      <line num="29" type="stmt" count="1"/>
      <line num="32" type="stmt" count="1"/>
      <line num="33" type="stmt" count="1"/>
      <line num="34" type="stmt" count="1"/>
      <line num="35" type="stmt" count="0"/>
      <line num="36" type="stmt" count="0"/>
      <line num="38" type="stmt" count="1"/>
      <line num="39" type="stmt" count="1"/>
      <line num="47" type="method" name="get" visibility="public" complexity="2" crap="2.02" count="2"/>
      <line num="48" type="stmt" count="2"/>
      <line num="49" type="stmt" count="2"/>
      <line num="50" type="stmt" count="2"/>
      <line num="51" type="stmt" count="2"/>
      <line num="54" type="stmt" count="2"/>
      <line num="55" type="stmt" count="2"/>
      <line num="56" type="stmt" count="2"/>
      <line num="57" type="stmt" count="0"/>
      <line num="58" type="stmt" count="0"/>
      <line num="60" type="stmt" count="2"/>
      <line num="61" type="stmt" count="2"/>
      <line num="64" type="stmt" count="1"/>
      <metrics loc="63" ncloc="55" classes="1" methods="3" coveredmethods="1" conditionals="0" coveredconditionals="0" statements="25" coveredstatements="21" elements="28" coveredelements="22"/>
    </file>
    <file name="/home/runner/work/PwPush-PHP/PwPush-PHP/src/PwPush.php">
      <class name="PwPush\PwPush" namespace="global">
        <metrics complexity="13" methods="5" coveredmethods="2" conditionals="0" coveredconditionals="0" statements="32" coveredstatements="28" elements="37" coveredelements="30"/>
      </class>
      <line num="30" type="method" name="__construct" visibility="private" complexity="2" crap="2" count="7"/>
      <line num="32" type="stmt" count="7"/>
      <line num="33" type="stmt" count="7"/>
      <line num="34" type="stmt" count="7"/>
      <line num="35" type="stmt" count="7"/>
      <line num="36" type="stmt" count="7"/>
      <line num="37" type="stmt" count="1"/>
      <line num="39" type="stmt" count="7"/>
      <line num="52" type="method" name="push" visibility="public" complexity="3" crap="3.07" count="7"/>
      <line num="54" type="stmt" count="7"/>
      <line num="55" type="stmt" count="7"/>
      <line num="56" type="stmt" count="0"/>
      <line num="58" type="stmt" count="7"/>
      <line num="59" type="stmt" count="6"/>
      <line num="66" type="method" name="buildJSON" visibility="private" complexity="1" crap="1" count="1"/>
      <line num="69" type="stmt" count="1"/>
      <line num="79" type="method" name="pushPassword" visibility="private" complexity="2" crap="2.03" count="7"/>
      <line num="81" type="stmt" count="7"/>
      <line num="82" type="stmt" count="7"/>
      <line num="83" type="stmt" count="7"/>
      <line num="85" type="stmt" count="7"/>
      <line num="86" type="stmt" count="7"/>
      <line num="87" type="stmt" count="6"/>
      <line num="88" type="stmt" count="6"/>
      <line num="89" type="stmt" count="0"/>
      <line num="90" type="stmt" count="0"/>
      <line num="93" type="stmt" count="6"/>
      <line num="102" type="method" name="getArray" visibility="private" complexity="5" crap="5.03" count="7"/>
      <line num="104" type="stmt" count="7"/>
      <line num="105" type="stmt" count="7"/>
      <line num="106" type="stmt" count="3"/>
      <line num="107" type="stmt" count="3"/>
      <line num="108" type="stmt" count="3"/>
      <line num="110" type="stmt" count="1"/>
      <line num="111" type="stmt" count="0"/>
      <line num="113" type="stmt" count="1"/>
      <line num="116" type="stmt" count="7"/>
      <line num="118" type="stmt" count="1"/>
      <metrics loc="117" ncloc="81" classes="1" methods="5" coveredmethods="2" conditionals="0" coveredconditionals="0" statements="32" coveredstatements="28" elements="37" coveredelements="30"/>
    </file>
    <metrics files="3" loc="287" ncloc="237" classes="3" methods="10" coveredmethods="4" conditionals="0" coveredconditionals="0" statements="69" coveredstatements="60" elements="79" coveredelements="64"/>
  </project>
</coverage>
